C51 COMPILER V7.00  MUSIC                                                                  10/17/2012 12:04:19 PAGE 1   


C51 COMPILER V7.00, COMPILATION OF MODULE MUSIC
OBJECT MODULE PLACED IN Music.OBJ
COMPILER INVOKED BY: C:\Keil\C51\BIN\C51.EXE Music.c BROWSE DEBUG OBJECTEXTEND

stmt level    source

   1          ////////////////////////////////////////////////////////////////////////////
   2          //                给力者单片机开发学习系统，开发学习都给力！              //
   3          ////////////////////////////////////////////////////////////////////////////
   4          //                     学习51单片机，其实可以很简单                       //
   5          ////////////////////////////////////////////////////////////////////////////
   6          //                宁波芯动电子有限公司  www.MovingChip.com                //
   7          ////////////////////////////////////////////////////////////////////////////
   8          
   9          #include <AT89X52.h>       //调用51单片机的头文件
  10          #include <Intrins.h>       //因本例需要使用空操作，必须调用这个头文件
  11          
  12          #define WAV_LEN 271919  /*WAV_LEN是WAV数组的长度*/
  13          long counter;
  14          
  15          //---------------------------------------
  16          //软件模拟IIC相关I/O设置
  17          sbit SCL=P1^7;             //PCF8591T的 SCL 引脚接于单片机的P1^7引脚上
  18          sbit SDA=P1^6;             //PCF8591T的 SDA 引脚接于单片机的P1^6引脚上
  19          //---------------------------------------
  20          //---------------------------------------
  21          //W25Q16相关I/O设置
  22          sbit CS          = P3^6;        //选通  
  23          sbit DIO         = P3^5;   //单片机输出
  24          sbit DO          = P3^7;        //FLASH输出
  25          sbit SCLK        = P3^4;        //时钟
  26          //---------------------------------------
  27          
  28          //***************************************************************
  29          #define W25X_ReadStatus       0x05              //读状态寄存器
  30          #define W25X_WriteStatus      0x01              //写状态寄存器
  31          #define W25X_ReadDATA8        0x03              //普读_数据
  32          #define W25X_FastRead         0x0B              //快读_数据
  33          #define W25X_DualOutput       0x3B              //快读_双输出
  34          #define W25X_Write            0x02              //写_数据_0~255个字节
  35          #define W25X_S_Erase          0x20              //扇区擦除4KB
  36          #define W25X_B_Erase          0xD8              //块区擦除64KB
  37          #define W25X_C_Erase          0xC7              //整片格式化
  38          #define W25X_PowerDown        0xB9              //待机
  39          #define W25X_PowerON_ID       0xAB              //开机或是读ID
  40          #define W25X_JEDEC_ID         0x9F              //十六位的JEDEC_ID
  41          #define W25X_WriteEnable      0x06              //写充许
  42          #define W25X_WriteDisable     0x04              //写禁止
  43          
  44          //---------------------------------------
  45          //名称: SPI写入一个字节函数
  46          //适用：给力者GL9单片机开发学习系统
  47          //公司：宁波芯动电子有限公司
  48          //网址：www.MovingChip.com
  49          //日期：20120916
  50          //---------------------------------------
  51          void Send_OneByte(unsigned char DATA8) //从SPI发8位数
  52          {                                                                   //上升沿写入
  53   1         unsigned char x;      
  54   1         for (x=0;x<8;x++)
  55   1         { 
C51 COMPILER V7.00  MUSIC                                                                  10/17/2012 12:04:19 PAGE 2   

  56   2                      SCLK=0;
  57   2                      if(DATA8&0x80)DIO=1;
  58   2                      else DIO=0;
  59   2                      SCLK=1;
  60   2                      DATA8=DATA8<<1;
  61   2              }     
  62   1      } 
  63          //---------------------------------------
  64          //名称: SPI读出一个字节函数
  65          //适用：给力者GL9单片机开发学习系统
  66          //公司：宁波芯动电子有限公司
  67          //网址：www.MovingChip.com
  68          //日期：20120916
  69          //---------------------------------------
  70          unsigned char Read_OneByte(void)     //从SPI收8位数
  71             {                                                     //下降沿输出
  72   1         unsigned char DATA8;
  73   1         unsigned char x;
  74   1         SCLK=1;
  75   1         DATA8=0x00;
  76   1         for (x=0;x<8;x++)
  77   1         { 
  78   2                      _nop_();
  79   2                      SCLK=0;
  80   2                      DATA8=DATA8<<1;
  81   2                      if(DO)DATA8=DATA8|0x01;
  82   2                      SCLK=1;  
  83   2              }
  84   1         return (DATA8);   
  85   1      }
  86          //---------------------------------------
  87          //名称: 判断W25Q16忙函数
  88          //适用：给力者GL9单片机开发学习系统
  89          //公司：宁波芯动电子有限公司
  90          //网址：www.MovingChip.com
  91          //日期：20120916
  92          //---------------------------------------
  93          unsigned char W25X_BUSY_OrNot (void)    //在读和写之前得先判断FLASH是否BUSY
  94          {                                                                                       //BUSY的原因是擦除，或是连续读写
  95   1         unsigned char k;                                     //如果没有以上方式，不必判定可以写读  
  96   1         SCLK=1;
  97   1         _nop_();
  98   1         CS=0;
  99   1         Send_OneByte(W25X_ReadStatus);   //读状态寄存器
 100   1         k=Read_OneByte();                                    //读一个字节
 101   1         k=k&0x01;
 102   1         CS=1;
 103   1              _nop_();
 104   1         SCLK=1;
 105   1         return k;                         //返回1表示忙，返回0表示不忙   
 106   1      }       
 107          
 108          //---------------------------------------
 109          //名称: 从FLASH存储器中读数据函数
 110          //适用：给力者GL9单片机开发学习系统
 111          //公司：宁波芯动电子有限公司
 112          //网址：www.MovingChip.com
 113          //日期：20120916
 114          //---------------------------------------
 115          //读出内容放置于Buf[]中
 116          unsigned char W25X_Flash_Byte_Read (unsigned long Addre24)  //从Flash里读出16字节数
 117          {
C51 COMPILER V7.00  MUSIC                                                                  10/17/2012 12:04:19 PAGE 3   

 118   1         unsigned char J;      //计字节数   
 119   1              unsigned char Addre3;
 120   1         unsigned char Addre2;
 121   1         unsigned char Addre1;
 122   1         while(W25X_BUSY_OrNot()==1);  //判BUSY
 123   1              Addre1=Addre24;
 124   1         Addre24=Addre24>>8;
 125   1         Addre2=Addre24;
 126   1         Addre24=Addre24>>8;
 127   1         Addre3=Addre24;               //把地址拆开来
 128   1         CS=0;
 129   1         Send_OneByte(W25X_ReadDATA8);//命令读
 130   1         Send_OneByte(Addre3);
 131   1         Send_OneByte(Addre2);
 132   1         Send_OneByte(Addre1);
 133   1         J=Read_OneByte();     //读一个字节
 134   1         CS=1;
 135   1         _nop_();
 136   1              _nop_();
 137   1         SCLK=1;  
 138   1              return J;
 139   1      }         
 140          //---------------------------------------
 141          //名称：生IIC启动信号函数
 142          //适用：给力者GL9单片机开发学习系统
 143          //公司：宁波芯动电子有限公司
 144          //网址：www.MovingChip.com
 145          //日期：20120914
 146          //---------------------------------------
 147          void IICstart(void)
 148          { 
 149   1           SDA=1;                //先将SDA=1，以准备在SCL=1时，将SDA=0
 150   1           SCL=1;                //时钟总线拉高 
 151   1           _nop_();                   //略做延时
 152   1           _nop_();                   //略做延时
 153   1           SDA=0;                //SCL=1时，将SDA拉低即产生启动信号 
 154   1           _nop_();                   //略做延时
 155   1           _nop_();                   //略做延时
 156   1           SCL=0;                //将SCL=0，完成启动信号操作      
 157   1      } 
 158          
 159          //---------------------------------------
 160          //名称：IIC停止信号函数
 161          //适用：给力者GL9单片机开发学习系统
 162          //公司：宁波芯动电子有限公司
 163          //网址：www.MovingChip.com
 164          //日期：20120914
 165          //---------------------------------------
 166          void IICstop(void)
 167          { 
 168   1           SDA=0;                //先将SDA=0，以准备在SCL=1时，将SDA=1
 169   1           SCL=1;                //时钟总线拉高 
 170   1           _nop_();                   //略做延时
 171   1           _nop_();                   //略做延时
 172   1           SDA=1;                //SCL=1时，将SDA拉高即产生停止信号 
 173   1           _nop_();                   //略做延时
 174   1           _nop_();                   //略做延时
 175   1           SCL=0;                //将SCL=0，完成启动信号操作      
 176   1      } 
 177          
 178          //---------------------------------------
 179          //名称：向IIC总线写入1个字节函数
C51 COMPILER V7.00  MUSIC                                                                  10/17/2012 12:04:19 PAGE 4   

 180          //适用：给力者GL9单片机开发学习系统
 181          //公司：宁波芯动电子有限公司
 182          //网址：www.MovingChip.com
 183          //日期：20120914
 184          //---------------------------------------
 185          void Write1Byte(unsigned char Buf1)
 186          { 
 187   1           unsigned char k;      //1个字节要分8次写入，需要定义一个寄存器用来计数
 188   1           for(k=0;k<8;k++)      //做一个8次的循环，每次写入1位，需要写8次
 189   1           {
 190   2               if(Buf1&0x80)     //从最高位开始写 
 191   2               {
 192   3                   SDA=1;        //如果欲写入数据为1，就将数据线置1
 193   3               }
 194   2               else
 195   2               {
 196   3                   SDA=0;        //如果欲写入数据为0，就将数据线写0 
 197   3               }
 198   2               _nop_();          //略做延时
 199   2               _nop_();          //略做延时
 200   2               SCL=1;            //时钟线做一个上升沿，将一位数据写入
 201   2               Buf1=Buf1<<1;     //数据左移一位，将下次要写入的位数据移到最高位
 202   2               _nop_();          //略做延时
 203   2               SCL=0;            //将SCL=0，以准备通过上升沿将数据写入
 204   2               _nop_();          //略做延时
 205   2           }
 206   1           SDA=1;                //将SDA=1，准备读应答信号
 207   1           _nop_();              //略做延时
 208   1           SCL=1;                //将SCL=1，做个上升沿准备读应答信号
 209   1           _nop_();              //略做延时
 210   1           _nop_();              //略做延时
 211   1           SCL=0;                //将SCL=0，结束应答信号读操作
 212   1      } 
 213          
 214          
 215          //---------------------------------------
 216          //名称：软件模拟IIC向PCF8591指定地址写一个字节函数
 217          //适用：给力者GL9单片机开发学习系统
 218          //公司：宁波芯动电子有限公司
 219          //网址：www.MovingChip.com
 220          //日期：20120914
 221          //---------------------------------------
 222          void WritePCF8591(unsigned char Databuf)
 223          {                          //直接调用本函数即可启动PCF8591的D/A转换
 224   1          IICstart();            //IIC启动信号
 225   1      
 226   1          Write1Byte(0x90);      //发送PCF8591的器件地址和写信号
 227   1      
 228   1          Write1Byte(0x40);      //发送器件子地址
 229   1      
 230   1          Write1Byte(Databuf);   //发送数据
 231   1      
 232   1          IICstop();             //产生IIC停止信号
 233   1      }
 234          //---------------------------------------
 235          //名称: 主函数
 236          //适用：给力者GL9单片机开发学习系统
 237          //公司：宁波芯动电子有限公司
 238          //网址：www.MovingChip.com
 239          //日期：20120914
 240          //---------------------------------------
 241          void main(void)            //主函数,单片机开机后就是从这个函数开始运行
C51 COMPILER V7.00  MUSIC                                                                  10/17/2012 12:04:19 PAGE 5   

 242          {
 243   1          counter=44;
 244   1          while(1)               //死循环,单片机初始化后,将一直运行这个死循环
 245   1          {
 246   2                      counter++;
 247   2                      if(counter>WAV_LEN) counter=45;; //counter在45到WAV_LEN-1循环变化 
 248   2                      WritePCF8591(W25X_Flash_Byte_Read(counter)>>1); //将wav数组中的数据缩小一倍后写入PCF8591，为了使音频输出
             -电压范围为0~2.5V      
 249   2          }
 250   1      }
 251          


MODULE INFORMATION:   STATIC OVERLAYABLE
   CODE SIZE        =    333    ----
   CONSTANT SIZE    =   ----    ----
   XDATA SIZE       =   ----    ----
   PDATA SIZE       =   ----    ----
   DATA SIZE        =      4       4
   IDATA SIZE       =   ----    ----
   BIT SIZE         =   ----    ----
END OF MODULE INFORMATION.


C51 COMPILATION COMPLETE.  0 WARNING(S),  0 ERROR(S)
