行 21: 控件 RichTextBox1 的类 RichTextLib.RichTextBox 不是一个已加载的控件类。
行 60: 控件 ProgressBar1 的类 MSComctlLib.ProgressBar 不是一个已加载的控件类。
行 74: 控件 MSComm1 的类 MSCommLib.MSComm 不是一个已加载的控件类。
行 106: 控件 CommonDialog2 的类 MSComDlg.CommonDialog 不是一个已加载的控件类。
行 117: 控件 CommonDialog1 的类 MSComDlg.CommonDialog 不是一个已加载的控件类。
行 131: 控件 DisplayGrid 的类 MSFlexGridLib.MSFlexGrid 不是一个已加载的控件类。
行 279: 控件 sbStatusBar 的类 MSComctlLib.StatusBar 不是一个已加载的控件类。
行 28: 属性名 _ExtentX 在 RichTextBox1 中是无效的。
行 29: 属性名 _ExtentY 在 RichTextBox1 中是无效的。
行 30: 属性名 _Version 在 RichTextBox1 中是无效的。
行 31: 属性名 TextRTF 在 RichTextBox1 中是无效的。
行 67: 属性名 _ExtentX 在 ProgressBar1 中是无效的。
行 68: 属性名 _ExtentY 在 ProgressBar1 中是无效的。
行 69: 属性名 _Version 在 ProgressBar1 中是无效的。
行 71: 属性名 Max 在 ProgressBar1 中是无效的。
行 72: 属性名 Scrolling 在 ProgressBar1 中是无效的。
行 77: 属性名 _ExtentX 在 MSComm1 中是无效的。
行 78: 属性名 _ExtentY 在 MSComm1 中是无效的。
行 79: 属性名 _Version 在 MSComm1 中是无效的。
行 80: 属性名 DTREnable 在 MSComm1 中是无效的。
行 109: 属性名 _ExtentX 在 CommonDialog2 中是无效的。
行 110: 属性名 _ExtentY 在 CommonDialog2 中是无效的。
行 111: 属性名 _Version 在 CommonDialog2 中是无效的。
行 112: 属性名 DefaultExt 在 CommonDialog2 中是无效的。
行 113: 属性名 DialogTitle 在 CommonDialog2 中是无效的。
行 114: 属性名 FileName 在 CommonDialog2 中是无效的。
行 115: 属性名 Filter 在 CommonDialog2 中是无效的。
行 120: 属性名 _ExtentX 在 CommonDialog1 中是无效的。
行 121: 属性名 _ExtentY 在 CommonDialog1 中是无效的。
行 122: 属性名 _Version 在 CommonDialog1 中是无效的。
行 123: 属性名 Color 在 CommonDialog1 中是无效的。
行 124: 属性名 DefaultExt 在 CommonDialog1 中是无效的。
行 125: 属性名 DialogTitle 在 CommonDialog1 中是无效的。
行 126: 属性名 FileName 在 CommonDialog1 中是无效的。
行 127: 属性名 Filter 在 CommonDialog1 中是无效的。
行 128: 属性名 FilterIndex 在 CommonDialog1 中是无效的。
行 129: 属性名 MaxFileSize 在 CommonDialog1 中是无效的。
行 139: 属性名 _ExtentX 在 DisplayGrid 中是无效的。
行 140: 属性名 _ExtentY 在 DisplayGrid 中是无效的。
行 141: 属性名 _Version 在 DisplayGrid 中是无效的。
行 142: 属性名 Rows 在 DisplayGrid 中是无效的。
行 143: 属性名 Cols 在 DisplayGrid 中是无效的。
行 144: 属性名 RowHeightMin 在 DisplayGrid 中是无效的。
行 146: 属性名 BackColorFixed 在 DisplayGrid 中是无效的。
行 147: 属性名 BackColorBkg 在 DisplayGrid 中是无效的。
行 148: 属性名 AllowBigSelection 在 DisplayGrid 中是无效的。
行 149: 属性名 ScrollTrack 在 DisplayGrid 中是无效的。
行 150: 属性名 ScrollBars 在 DisplayGrid 中是无效的。
行 151: 属性名 FormatString 在 DisplayGrid 中是无效的。
行 286: 属性名 _ExtentX 在 sbStatusBar 中是无效的。
行 287: 属性名 _ExtentY 在 sbStatusBar 中是无效的。
行 288: 属性名 _Version 在 sbStatusBar 中是无效的。
行 307: 属性名 Panels 在 sbStatusBar 中是无效的。
